Determining if the pthread_create exist failed with the following output:
Change Dir: /home/pieter/GitHub/tttapa.github.io/Pages-src/scripts/build/CMakeFiles/CMakeTmp

Run Build Command(s):/usr/bin/make cmTC_48c64/fast 
/usr/bin/make -f CMakeFiles/cmTC_48c64.dir/build.make CMakeFiles/cmTC_48c64.dir/build
make[1]: Entering directory '/home/pieter/GitHub/tttapa.github.io/Pages-src/scripts/build/CMakeFiles/CMakeTmp'
Building C object CMakeFiles/cmTC_48c64.dir/CheckSymbolExists.c.o
/usr/bin/gcc-9    -o CMakeFiles/cmTC_48c64.dir/CheckSymbolExists.c.o   -c /home/pieter/GitHub/tttapa.github.io/Pages-src/scripts/build/CMakeFiles/CMakeTmp/CheckSymbolExists.c
Linking C executable cmTC_48c64
/home/pieter/.local/bin/cmake -E cmake_link_script CMakeFiles/cmTC_48c64.dir/link.txt --verbose=1
/usr/bin/gcc-9      -rdynamic CMakeFiles/cmTC_48c64.dir/CheckSymbolExists.c.o  -o cmTC_48c64 
CMakeFiles/cmTC_48c64.dir/CheckSymbolExists.c.o: In function `main':
CheckSymbolExists.c:(.text+0x16): undefined reference to `pthread_create'
collect2: error: ld returned 1 exit status
CMakeFiles/cmTC_48c64.dir/build.make:86: recipe for target 'cmTC_48c64' failed
make[1]: *** [cmTC_48c64] Error 1
make[1]: Leaving directory '/home/pieter/GitHub/tttapa.github.io/Pages-src/scripts/build/CMakeFiles/CMakeTmp'
Makefile:121: recipe for target 'cmTC_48c64/fast' failed
make: *** [cmTC_48c64/fast] Error 2

File /home/pieter/GitHub/tttapa.github.io/Pages-src/scripts/build/CMakeFiles/CMakeTmp/CheckSymbolExists.c:
/* */
#include <pthread.h>

int main(int argc, char** argv)
{
  (void)argv;
#ifndef pthread_create
  return ((int*)(&pthread_create))[argc];
#else
  (void)argc;
  return 0;
#endif
}

Determining if the function pthread_create exists in the pthreads failed with the following output:
Change Dir: /home/pieter/GitHub/tttapa.github.io/Pages-src/scripts/build/CMakeFiles/CMakeTmp

Run Build Command(s):/usr/bin/make cmTC_193bc/fast 
/usr/bin/make -f CMakeFiles/cmTC_193bc.dir/build.make CMakeFiles/cmTC_193bc.dir/build
make[1]: Entering directory '/home/pieter/GitHub/tttapa.github.io/Pages-src/scripts/build/CMakeFiles/CMakeTmp'
Building C object CMakeFiles/cmTC_193bc.dir/CheckFunctionExists.c.o
/usr/bin/gcc-9   -DCHECK_FUNCTION_EXISTS=pthread_create   -o CMakeFiles/cmTC_193bc.dir/CheckFunctionExists.c.o   -c /home/pieter/.local/share/cmake-3.14/Modules/CheckFunctionExists.c
Linking C executable cmTC_193bc
/home/pieter/.local/bin/cmake -E cmake_link_script CMakeFiles/cmTC_193bc.dir/link.txt --verbose=1
/usr/bin/gcc-9  -DCHECK_FUNCTION_EXISTS=pthread_create    -rdynamic CMakeFiles/cmTC_193bc.dir/CheckFunctionExists.c.o  -o cmTC_193bc -lpthreads 
/usr/bin/ld: cannot find -lpthreads
collect2: error: ld returned 1 exit status
CMakeFiles/cmTC_193bc.dir/build.make:86: recipe for target 'cmTC_193bc' failed
make[1]: *** [cmTC_193bc] Error 1
make[1]: Leaving directory '/home/pieter/GitHub/tttapa.github.io/Pages-src/scripts/build/CMakeFiles/CMakeTmp'
Makefile:121: recipe for target 'cmTC_193bc/fast' failed
make: *** [cmTC_193bc/fast] Error 2


